{"C:\\Users\\satya\\Desktop\\EMBL\\task\\Git\\backend\\helpers.js":{"path":"C:\\Users\\satya\\Desktop\\EMBL\\task\\Git\\backend\\helpers.js","statementMap":{"0":{"start":{"line":1,"column":14},"end":{"line":1,"column":30}},"1":{"start":{"line":3,"column":25},"end":{"line":8,"column":1}},"2":{"start":{"line":10,"column":19},"end":{"line":10,"column":59}},"3":{"start":{"line":12,"column":21},"end":{"line":28,"column":1}},"4":{"start":{"line":13,"column":21},"end":{"line":13,"column":23}},"5":{"start":{"line":15,"column":18},"end":{"line":15,"column":59}},"6":{"start":{"line":17,"column":19},"end":{"line":17,"column":73}},"7":{"start":{"line":18,"column":4},"end":{"line":20,"column":5}},"8":{"start":{"line":19,"column":8},"end":{"line":19,"column":57}},"9":{"start":{"line":21,"column":4},"end":{"line":23,"column":5}},"10":{"start":{"line":22,"column":8},"end":{"line":22,"column":48}},"11":{"start":{"line":24,"column":4},"end":{"line":26,"column":5}},"12":{"start":{"line":25,"column":8},"end":{"line":25,"column":54}},"13":{"start":{"line":27,"column":4},"end":{"line":27,"column":43}},"14":{"start":{"line":30,"column":20},"end":{"line":36,"column":1}},"15":{"start":{"line":31,"column":4},"end":{"line":35,"column":5}},"16":{"start":{"line":38,"column":22},"end":{"line":43,"column":1}},"17":{"start":{"line":39,"column":4},"end":{"line":42,"column":5}},"18":{"start":{"line":45,"column":0},"end":{"line":50,"column":1}}},"fnMap":{"0":{"name":"(anonymous_0)","decl":{"start":{"line":12,"column":21},"end":{"line":12,"column":22}},"loc":{"start":{"line":12,"column":54},"end":{"line":28,"column":1}},"line":12},"1":{"name":"(anonymous_1)","decl":{"start":{"line":30,"column":20},"end":{"line":30,"column":21}},"loc":{"start":{"line":30,"column":41},"end":{"line":36,"column":1}},"line":30},"2":{"name":"(anonymous_2)","decl":{"start":{"line":38,"column":22},"end":{"line":38,"column":23}},"loc":{"start":{"line":38,"column":38},"end":{"line":43,"column":1}},"line":38}},"branchMap":{"0":{"loc":{"start":{"line":15,"column":18},"end":{"line":15,"column":59}},"type":"cond-expr","locations":[{"start":{"line":15,"column":38},"end":{"line":15,"column":40}},{"start":{"line":15,"column":43},"end":{"line":15,"column":59}}],"line":15},"1":{"loc":{"start":{"line":15,"column":43},"end":{"line":15,"column":59}},"type":"binary-expr","locations":[{"start":{"line":15,"column":43},"end":{"line":15,"column":53}},{"start":{"line":15,"column":57},"end":{"line":15,"column":59}}],"line":15},"2":{"loc":{"start":{"line":18,"column":4},"end":{"line":20,"column":5}},"type":"if","locations":[{"start":{"line":18,"column":4},"end":{"line":20,"column":5}},{"start":{"line":18,"column":4},"end":{"line":20,"column":5}}],"line":18},"3":{"loc":{"start":{"line":21,"column":4},"end":{"line":23,"column":5}},"type":"if","locations":[{"start":{"line":21,"column":4},"end":{"line":23,"column":5}},{"start":{"line":21,"column":4},"end":{"line":23,"column":5}}],"line":21},"4":{"loc":{"start":{"line":24,"column":4},"end":{"line":26,"column":5}},"type":"if","locations":[{"start":{"line":24,"column":4},"end":{"line":26,"column":5}},{"start":{"line":24,"column":4},"end":{"line":26,"column":5}}],"line":24},"5":{"loc":{"start":{"line":32,"column":14},"end":{"line":32,"column":26}},"type":"binary-expr","locations":[{"start":{"line":32,"column":14},"end":{"line":32,"column":20}},{"start":{"line":32,"column":24},"end":{"line":32,"column":26}}],"line":32},"6":{"loc":{"start":{"line":34,"column":15},"end":{"line":34,"column":68}},"type":"binary-expr","locations":[{"start":{"line":34,"column":15},"end":{"line":34,"column":23}},{"start":{"line":34,"column":27},"end":{"line":34,"column":41}},{"start":{"line":34,"column":45},"end":{"line":34,"column":68}}],"line":34}},"s":{"0":2,"1":2,"2":2,"3":2,"4":6,"5":6,"6":6,"7":6,"8":2,"9":6,"10":3,"11":6,"12":3,"13":6,"14":2,"15":1,"16":2,"17":9,"18":2},"f":{"0":6,"1":1,"2":9},"b":{"0":[2,4],"1":[4,1],"2":[2,4],"3":[3,3],"4":[3,3],"5":[1,1],"6":[1,1,1]},"_coverageSchema":"1a1c01bbd47fc00a2c39e90264f33305004495a9","hash":"d0ceea11d9feb2f9d9f985f821e7f88f57d8e32d","contentHash":"c76c6ef8bff4417fdbd3a7bf9f982e7f8a4aa899cbe96084328b9c5d297f02ec"},"C:\\Users\\satya\\Desktop\\EMBL\\task\\Git\\backend\\index.js":{"path":"C:\\Users\\satya\\Desktop\\EMBL\\task\\Git\\backend\\index.js","statementMap":{"0":{"start":{"line":1,"column":16},"end":{"line":1,"column":34}},"1":{"start":{"line":2,"column":12},"end":{"line":2,"column":21}},"2":{"start":{"line":3,"column":13},"end":{"line":3,"column":28}},"3":{"start":{"line":4,"column":19},"end":{"line":4,"column":41}},"4":{"start":{"line":5,"column":65},"end":{"line":5,"column":85}},"5":{"start":{"line":7,"column":0},"end":{"line":7,"column":27}},"6":{"start":{"line":8,"column":0},"end":{"line":8,"column":51}},"7":{"start":{"line":9,"column":0},"end":{"line":9,"column":24}},"8":{"start":{"line":10,"column":0},"end":{"line":10,"column":16}},"9":{"start":{"line":12,"column":13},"end":{"line":12,"column":39}},"10":{"start":{"line":14,"column":0},"end":{"line":18,"column":3}},"11":{"start":{"line":15,"column":4},"end":{"line":17,"column":5}},"12":{"start":{"line":16,"column":8},"end":{"line":16,"column":20}},"13":{"start":{"line":20,"column":0},"end":{"line":42,"column":3}},"14":{"start":{"line":22,"column":21},"end":{"line":22,"column":44}},"15":{"start":{"line":24,"column":4},"end":{"line":41,"column":5}},"16":{"start":{"line":25,"column":8},"end":{"line":37,"column":11}},"17":{"start":{"line":26,"column":12},"end":{"line":29,"column":13}},"18":{"start":{"line":27,"column":16},"end":{"line":27,"column":55}},"19":{"start":{"line":28,"column":16},"end":{"line":28,"column":28}},"20":{"start":{"line":30,"column":12},"end":{"line":36,"column":13}},"21":{"start":{"line":31,"column":41},"end":{"line":33,"column":18}},"22":{"start":{"line":32,"column":20},"end":{"line":32,"column":43}},"23":{"start":{"line":34,"column":16},"end":{"line":34,"column":70}},"24":{"start":{"line":35,"column":16},"end":{"line":35,"column":28}},"25":{"start":{"line":39,"column":8},"end":{"line":39,"column":47}},"26":{"start":{"line":40,"column":8},"end":{"line":40,"column":20}},"27":{"start":{"line":44,"column":0},"end":{"line":66,"column":3}},"28":{"start":{"line":46,"column":21},"end":{"line":46,"column":69}},"29":{"start":{"line":48,"column":4},"end":{"line":65,"column":5}},"30":{"start":{"line":49,"column":8},"end":{"line":61,"column":11}},"31":{"start":{"line":50,"column":12},"end":{"line":53,"column":13}},"32":{"start":{"line":51,"column":16},"end":{"line":51,"column":55}},"33":{"start":{"line":52,"column":16},"end":{"line":52,"column":28}},"34":{"start":{"line":54,"column":12},"end":{"line":60,"column":13}},"35":{"start":{"line":55,"column":41},"end":{"line":57,"column":18}},"36":{"start":{"line":56,"column":20},"end":{"line":56,"column":37}},"37":{"start":{"line":58,"column":16},"end":{"line":58,"column":70}},"38":{"start":{"line":59,"column":16},"end":{"line":59,"column":28}},"39":{"start":{"line":63,"column":8},"end":{"line":63,"column":47}},"40":{"start":{"line":64,"column":8},"end":{"line":64,"column":20}},"41":{"start":{"line":68,"column":0},"end":{"line":70,"column":2}},"42":{"start":{"line":69,"column":4},"end":{"line":69,"column":28}},"43":{"start":{"line":72,"column":0},"end":{"line":74,"column":2}},"44":{"start":{"line":73,"column":4},"end":{"line":73,"column":66}}},"fnMap":{"0":{"name":"(anonymous_0)","decl":{"start":{"line":14,"column":19},"end":{"line":14,"column":20}},"loc":{"start":{"line":14,"column":28},"end":{"line":18,"column":1}},"line":14},"1":{"name":"(anonymous_1)","decl":{"start":{"line":20,"column":25},"end":{"line":20,"column":26}},"loc":{"start":{"line":20,"column":39},"end":{"line":42,"column":1}},"line":20},"2":{"name":"(anonymous_2)","decl":{"start":{"line":25,"column":35},"end":{"line":25,"column":36}},"loc":{"start":{"line":25,"column":60},"end":{"line":37,"column":9}},"line":25},"3":{"name":"(anonymous_3)","decl":{"start":{"line":31,"column":52},"end":{"line":31,"column":53}},"loc":{"start":{"line":31,"column":57},"end":{"line":33,"column":17}},"line":31},"4":{"name":"(anonymous_4)","decl":{"start":{"line":44,"column":27},"end":{"line":44,"column":28}},"loc":{"start":{"line":44,"column":41},"end":{"line":66,"column":1}},"line":44},"5":{"name":"(anonymous_5)","decl":{"start":{"line":49,"column":35},"end":{"line":49,"column":36}},"loc":{"start":{"line":49,"column":60},"end":{"line":61,"column":9}},"line":49},"6":{"name":"(anonymous_6)","decl":{"start":{"line":55,"column":52},"end":{"line":55,"column":53}},"loc":{"start":{"line":55,"column":57},"end":{"line":57,"column":17}},"line":55},"7":{"name":"(anonymous_7)","decl":{"start":{"line":68,"column":13},"end":{"line":68,"column":14}},"loc":{"start":{"line":68,"column":27},"end":{"line":70,"column":1}},"line":68},"8":{"name":"(anonymous_8)","decl":{"start":{"line":72,"column":17},"end":{"line":72,"column":18}},"loc":{"start":{"line":72,"column":23},"end":{"line":74,"column":1}},"line":72}},"branchMap":{"0":{"loc":{"start":{"line":12,"column":13},"end":{"line":12,"column":39}},"type":"binary-expr","locations":[{"start":{"line":12,"column":13},"end":{"line":12,"column":29}},{"start":{"line":12,"column":33},"end":{"line":12,"column":39}}],"line":12},"1":{"loc":{"start":{"line":15,"column":4},"end":{"line":17,"column":5}},"type":"if","locations":[{"start":{"line":15,"column":4},"end":{"line":17,"column":5}},{"start":{"line":15,"column":4},"end":{"line":17,"column":5}}],"line":15},"2":{"loc":{"start":{"line":26,"column":12},"end":{"line":29,"column":13}},"type":"if","locations":[{"start":{"line":26,"column":12},"end":{"line":29,"column":13}},{"start":{"line":26,"column":12},"end":{"line":29,"column":13}}],"line":26},"3":{"loc":{"start":{"line":30,"column":12},"end":{"line":36,"column":13}},"type":"if","locations":[{"start":{"line":30,"column":12},"end":{"line":36,"column":13}},{"start":{"line":30,"column":12},"end":{"line":36,"column":13}}],"line":30},"4":{"loc":{"start":{"line":50,"column":12},"end":{"line":53,"column":13}},"type":"if","locations":[{"start":{"line":50,"column":12},"end":{"line":53,"column":13}},{"start":{"line":50,"column":12},"end":{"line":53,"column":13}}],"line":50},"5":{"loc":{"start":{"line":54,"column":12},"end":{"line":60,"column":13}},"type":"if","locations":[{"start":{"line":54,"column":12},"end":{"line":60,"column":13}},{"start":{"line":54,"column":12},"end":{"line":60,"column":13}}],"line":54}},"s":{"0":1,"1":1,"2":1,"3":1,"4":1,"5":1,"6":1,"7":1,"8":1,"9":1,"10":1,"11":1,"12":0,"13":1,"14":5,"15":5,"16":5,"17":5,"18":0,"19":0,"20":5,"21":5,"22":22,"23":5,"24":5,"25":0,"26":0,"27":1,"28":4,"29":4,"30":4,"31":4,"32":0,"33":0,"34":4,"35":4,"36":1144,"37":4,"38":4,"39":0,"40":0,"41":1,"42":2,"43":1,"44":1},"f":{"0":1,"1":5,"2":5,"3":22,"4":4,"5":4,"6":1144,"7":2,"8":1},"b":{"0":[1,1],"1":[0,1],"2":[0,5],"3":[5,0],"4":[0,4],"5":[4,0]},"_coverageSchema":"1a1c01bbd47fc00a2c39e90264f33305004495a9","hash":"52058c190b51eabe5e6b5e37a3e1b9a284b7da14","contentHash":"fe9cd940a38e441f708a905e6952a7e2e9ce62384353f4ef531a99a4d5cb3d44"}}